[Tue, 24 Dec 2013 17:00:53 GMT] ERROR 127.0.0.1 - - [Wed Dec 25 2013 01:00:53 GMT+0800 (MYT)] "GET /notify 1.1" 500 2552 "-" "Mozilla/5.0 (X11; Linux i686) AppleWebKit/537.36 (KHTML, like Gecko) Ubuntu Chromium/31.0.1650.63 Chrome/31.0.1650.63 Safari/537.36"
ReferenceError: ejs:27
    25| </div>
    26| -->
 >> 27| <h1><%= paramsRender.title -%></h1>
    28| <div class="container" style="margin-top: 7%;">
    29|     <div class="hero-unit geddy-welcome-box">
    30|         <div class="row login-box">
paramsRender is not defined
    at handleErr (/usr/lib/node_modules/geddy/lib/template/engines/ejs.js:58:15)
    at Object.rethrow (/usr/lib/node_modules/geddy/lib/template/engines/ejs.js:90:41)
    at eval (eval at <anonymous> (/usr/lib/node_modules/geddy/lib/template/engines/ejs.js:88:10), <anonymous>:2:3782)
    at /usr/lib/node_modules/geddy/lib/template/engines/ejs.js:101:17
    at ejs.render (/usr/lib/node_modules/geddy/lib/template/adapters/ejs.js:28:10)
    at Adapter.render (/usr/lib/node_modules/geddy/lib/template/adapters/index.js:125:22)
    at Partial.renderSelf (/usr/lib/node_modules/geddy/lib/template/partial.js:126:28)
    at handleData (/usr/lib/node_modules/geddy/lib/template/partial.js:99:16)
    at /usr/lib/node_modules/geddy/lib/template/partial.js:117:9
    at fs.js:266:14
    at Object.oncomplete (fs.js:107:15)
[Tue, 24 Dec 2013 17:00:54 GMT] ERROR 127.0.0.1 - - [Wed Dec 25 2013 01:00:54 GMT+0800 (MYT)] "GET /notify 1.1" 500 2552 "-" "Mozilla/5.0 (X11; Linux i686) AppleWebKit/537.36 (KHTML, like Gecko) Ubuntu Chromium/31.0.1650.63 Chrome/31.0.1650.63 Safari/537.36"
ReferenceError: ejs:27
    25| </div>
    26| -->
 >> 27| <h1><%= paramsRender.title -%></h1>
    28| <div class="container" style="margin-top: 7%;">
    29|     <div class="hero-unit geddy-welcome-box">
    30|         <div class="row login-box">
paramsRender is not defined
    at handleErr (/usr/lib/node_modules/geddy/lib/template/engines/ejs.js:58:15)
    at Object.rethrow (/usr/lib/node_modules/geddy/lib/template/engines/ejs.js:90:41)
    at eval (eval at <anonymous> (/usr/lib/node_modules/geddy/lib/template/engines/ejs.js:88:10), <anonymous>:2:3782)
    at /usr/lib/node_modules/geddy/lib/template/engines/ejs.js:101:17
    at ejs.render (/usr/lib/node_modules/geddy/lib/template/adapters/ejs.js:28:10)
    at Adapter.render (/usr/lib/node_modules/geddy/lib/template/adapters/index.js:125:22)
    at Partial.renderSelf (/usr/lib/node_modules/geddy/lib/template/partial.js:126:28)
    at handleData (/usr/lib/node_modules/geddy/lib/template/partial.js:99:16)
    at /usr/lib/node_modules/geddy/lib/template/partial.js:117:9
    at fs.js:266:14
    at Object.oncomplete (fs.js:107:15)
[Tue, 24 Dec 2013 17:00:55 GMT] ERROR 127.0.0.1 - - [Wed Dec 25 2013 01:00:55 GMT+0800 (MYT)] "GET /notify 1.1" 500 2552 "-" "Mozilla/5.0 (X11; Linux i686) AppleWebKit/537.36 (KHTML, like Gecko) Ubuntu Chromium/31.0.1650.63 Chrome/31.0.1650.63 Safari/537.36"
ReferenceError: ejs:27
    25| </div>
    26| -->
 >> 27| <h1><%= paramsRender.title -%></h1>
    28| <div class="container" style="margin-top: 7%;">
    29|     <div class="hero-unit geddy-welcome-box">
    30|         <div class="row login-box">
paramsRender is not defined
    at handleErr (/usr/lib/node_modules/geddy/lib/template/engines/ejs.js:58:15)
    at Object.rethrow (/usr/lib/node_modules/geddy/lib/template/engines/ejs.js:90:41)
    at eval (eval at <anonymous> (/usr/lib/node_modules/geddy/lib/template/engines/ejs.js:88:10), <anonymous>:2:3782)
    at /usr/lib/node_modules/geddy/lib/template/engines/ejs.js:101:17
    at ejs.render (/usr/lib/node_modules/geddy/lib/template/adapters/ejs.js:28:10)
    at Adapter.render (/usr/lib/node_modules/geddy/lib/template/adapters/index.js:125:22)
    at Partial.renderSelf (/usr/lib/node_modules/geddy/lib/template/partial.js:126:28)
    at handleData (/usr/lib/node_modules/geddy/lib/template/partial.js:99:16)
    at /usr/lib/node_modules/geddy/lib/template/partial.js:117:9
    at fs.js:266:14
    at Object.oncomplete (fs.js:107:15)
[Tue, 24 Dec 2013 17:00:56 GMT] ERROR 127.0.0.1 - - [Wed Dec 25 2013 01:00:56 GMT+0800 (MYT)] "GET /notify 1.1" 500 2552 "-" "Mozilla/5.0 (X11; Linux i686) AppleWebKit/537.36 (KHTML, like Gecko) Ubuntu Chromium/31.0.1650.63 Chrome/31.0.1650.63 Safari/537.36"
ReferenceError: ejs:27
    25| </div>
    26| -->
 >> 27| <h1><%= paramsRender.title -%></h1>
    28| <div class="container" style="margin-top: 7%;">
    29|     <div class="hero-unit geddy-welcome-box">
    30|         <div class="row login-box">
paramsRender is not defined
    at handleErr (/usr/lib/node_modules/geddy/lib/template/engines/ejs.js:58:15)
    at Object.rethrow (/usr/lib/node_modules/geddy/lib/template/engines/ejs.js:90:41)
    at eval (eval at <anonymous> (/usr/lib/node_modules/geddy/lib/template/engines/ejs.js:88:10), <anonymous>:2:3782)
    at /usr/lib/node_modules/geddy/lib/template/engines/ejs.js:101:17
    at ejs.render (/usr/lib/node_modules/geddy/lib/template/adapters/ejs.js:28:10)
    at Adapter.render (/usr/lib/node_modules/geddy/lib/template/adapters/index.js:125:22)
    at Partial.renderSelf (/usr/lib/node_modules/geddy/lib/template/partial.js:126:28)
    at handleData (/usr/lib/node_modules/geddy/lib/template/partial.js:99:16)
    at /usr/lib/node_modules/geddy/lib/template/partial.js:117:9
    at fs.js:266:14
    at Object.oncomplete (fs.js:107:15)
[Tue, 24 Dec 2013 17:01:13 GMT] ERROR 127.0.0.1 - - [Wed Dec 25 2013 01:01:13 GMT+0800 (MYT)] "GET /notify 1.1" 500 2552 "-" "Mozilla/5.0 (X11; Linux i686) AppleWebKit/537.36 (KHTML, like Gecko) Ubuntu Chromium/31.0.1650.63 Chrome/31.0.1650.63 Safari/537.36"
ReferenceError: ejs:27
    25| </div>
    26| -->
 >> 27| <h1><%= paramsRender.title -%></h1>
    28| <div class="container" style="margin-top: 7%;">
    29|     <div class="hero-unit geddy-welcome-box">
    30|         <div class="row login-box">
paramsRender is not defined
    at handleErr (/usr/lib/node_modules/geddy/lib/template/engines/ejs.js:58:15)
    at Object.rethrow (/usr/lib/node_modules/geddy/lib/template/engines/ejs.js:90:41)
    at eval (eval at <anonymous> (/usr/lib/node_modules/geddy/lib/template/engines/ejs.js:88:10), <anonymous>:2:3782)
    at /usr/lib/node_modules/geddy/lib/template/engines/ejs.js:101:17
    at ejs.render (/usr/lib/node_modules/geddy/lib/template/adapters/ejs.js:28:10)
    at Adapter.render (/usr/lib/node_modules/geddy/lib/template/adapters/index.js:125:22)
    at Partial.renderSelf (/usr/lib/node_modules/geddy/lib/template/partial.js:126:28)
    at handleData (/usr/lib/node_modules/geddy/lib/template/partial.js:99:16)
    at /usr/lib/node_modules/geddy/lib/template/partial.js:117:9
    at fs.js:266:14
    at Object.oncomplete (fs.js:107:15)
[Tue, 24 Dec 2013 17:01:14 GMT] ERROR 127.0.0.1 - - [Wed Dec 25 2013 01:01:14 GMT+0800 (MYT)] "GET /notify 1.1" 500 2552 "-" "Mozilla/5.0 (X11; Linux i686) AppleWebKit/537.36 (KHTML, like Gecko) Ubuntu Chromium/31.0.1650.63 Chrome/31.0.1650.63 Safari/537.36"
ReferenceError: ejs:27
    25| </div>
    26| -->
 >> 27| <h1><%= paramsRender.title -%></h1>
    28| <div class="container" style="margin-top: 7%;">
    29|     <div class="hero-unit geddy-welcome-box">
    30|         <div class="row login-box">
paramsRender is not defined
    at handleErr (/usr/lib/node_modules/geddy/lib/template/engines/ejs.js:58:15)
    at Object.rethrow (/usr/lib/node_modules/geddy/lib/template/engines/ejs.js:90:41)
    at eval (eval at <anonymous> (/usr/lib/node_modules/geddy/lib/template/engines/ejs.js:88:10), <anonymous>:2:3782)
    at /usr/lib/node_modules/geddy/lib/template/engines/ejs.js:101:17
    at ejs.render (/usr/lib/node_modules/geddy/lib/template/adapters/ejs.js:28:10)
    at Adapter.render (/usr/lib/node_modules/geddy/lib/template/adapters/index.js:125:22)
    at Partial.renderSelf (/usr/lib/node_modules/geddy/lib/template/partial.js:126:28)
    at handleData (/usr/lib/node_modules/geddy/lib/template/partial.js:99:16)
    at /usr/lib/node_modules/geddy/lib/template/partial.js:117:9
    at fs.js:266:14
    at Object.oncomplete (fs.js:107:15)
[Tue, 24 Dec 2013 17:01:15 GMT] ERROR 127.0.0.1 - - [Wed Dec 25 2013 01:01:15 GMT+0800 (MYT)] "GET /notify 1.1" 500 2552 "-" "Mozilla/5.0 (X11; Linux i686) AppleWebKit/537.36 (KHTML, like Gecko) Ubuntu Chromium/31.0.1650.63 Chrome/31.0.1650.63 Safari/537.36"
ReferenceError: ejs:27
    25| </div>
    26| -->
 >> 27| <h1><%= paramsRender.title -%></h1>
    28| <div class="container" style="margin-top: 7%;">
    29|     <div class="hero-unit geddy-welcome-box">
    30|         <div class="row login-box">
paramsRender is not defined
    at handleErr (/usr/lib/node_modules/geddy/lib/template/engines/ejs.js:58:15)
    at Object.rethrow (/usr/lib/node_modules/geddy/lib/template/engines/ejs.js:90:41)
    at eval (eval at <anonymous> (/usr/lib/node_modules/geddy/lib/template/engines/ejs.js:88:10), <anonymous>:2:3782)
    at /usr/lib/node_modules/geddy/lib/template/engines/ejs.js:101:17
    at ejs.render (/usr/lib/node_modules/geddy/lib/template/adapters/ejs.js:28:10)
    at Adapter.render (/usr/lib/node_modules/geddy/lib/template/adapters/index.js:125:22)
    at Partial.renderSelf (/usr/lib/node_modules/geddy/lib/template/partial.js:126:28)
    at handleData (/usr/lib/node_modules/geddy/lib/template/partial.js:99:16)
    at /usr/lib/node_modules/geddy/lib/template/partial.js:117:9
    at fs.js:266:14
    at Object.oncomplete (fs.js:107:15)
[Tue, 24 Dec 2013 17:04:55 GMT] ERROR 127.0.0.1 - - [Wed Dec 25 2013 01:04:55 GMT+0800 (MYT)] "GET /notify 1.1" 500 2552 "-" "Mozilla/5.0 (X11; Linux i686) AppleWebKit/537.36 (KHTML, like Gecko) Ubuntu Chromium/31.0.1650.63 Chrome/31.0.1650.63 Safari/537.36"
ReferenceError: ejs:27
    25| </div>
    26| -->
 >> 27| <h1><%= paramsRender.title -%></h1>
    28| <div class="container" style="margin-top: 7%;">
    29|     <div class="hero-unit geddy-welcome-box">
    30|         <div class="row login-box">
paramsRender is not defined
    at handleErr (/usr/lib/node_modules/geddy/lib/template/engines/ejs.js:58:15)
    at Object.rethrow (/usr/lib/node_modules/geddy/lib/template/engines/ejs.js:90:41)
    at eval (eval at <anonymous> (/usr/lib/node_modules/geddy/lib/template/engines/ejs.js:88:10), <anonymous>:2:3782)
    at /usr/lib/node_modules/geddy/lib/template/engines/ejs.js:101:17
    at ejs.render (/usr/lib/node_modules/geddy/lib/template/adapters/ejs.js:28:10)
    at Adapter.render (/usr/lib/node_modules/geddy/lib/template/adapters/index.js:125:22)
    at Partial.renderSelf (/usr/lib/node_modules/geddy/lib/template/partial.js:126:28)
    at handleData (/usr/lib/node_modules/geddy/lib/template/partial.js:99:16)
    at /usr/lib/node_modules/geddy/lib/template/partial.js:117:9
    at fs.js:266:14
    at Object.oncomplete (fs.js:107:15)
[Tue, 24 Dec 2013 17:04:56 GMT] ERROR 127.0.0.1 - - [Wed Dec 25 2013 01:04:56 GMT+0800 (MYT)] "GET /notify 1.1" 500 2552 "-" "Mozilla/5.0 (X11; Linux i686) AppleWebKit/537.36 (KHTML, like Gecko) Ubuntu Chromium/31.0.1650.63 Chrome/31.0.1650.63 Safari/537.36"
ReferenceError: ejs:27
    25| </div>
    26| -->
 >> 27| <h1><%= paramsRender.title -%></h1>
    28| <div class="container" style="margin-top: 7%;">
    29|     <div class="hero-unit geddy-welcome-box">
    30|         <div class="row login-box">
paramsRender is not defined
    at handleErr (/usr/lib/node_modules/geddy/lib/template/engines/ejs.js:58:15)
    at Object.rethrow (/usr/lib/node_modules/geddy/lib/template/engines/ejs.js:90:41)
    at eval (eval at <anonymous> (/usr/lib/node_modules/geddy/lib/template/engines/ejs.js:88:10), <anonymous>:2:3782)
    at /usr/lib/node_modules/geddy/lib/template/engines/ejs.js:101:17
    at ejs.render (/usr/lib/node_modules/geddy/lib/template/adapters/ejs.js:28:10)
    at Adapter.render (/usr/lib/node_modules/geddy/lib/template/adapters/index.js:125:22)
    at Partial.renderSelf (/usr/lib/node_modules/geddy/lib/template/partial.js:126:28)
    at handleData (/usr/lib/node_modules/geddy/lib/template/partial.js:99:16)
    at /usr/lib/node_modules/geddy/lib/template/partial.js:117:9
    at fs.js:266:14
    at Object.oncomplete (fs.js:107:15)
[Tue, 24 Dec 2013 17:04:57 GMT] ERROR 127.0.0.1 - - [Wed Dec 25 2013 01:04:57 GMT+0800 (MYT)] "GET /notify 1.1" 500 2552 "-" "Mozilla/5.0 (X11; Linux i686) AppleWebKit/537.36 (KHTML, like Gecko) Ubuntu Chromium/31.0.1650.63 Chrome/31.0.1650.63 Safari/537.36"
ReferenceError: ejs:27
    25| </div>
    26| -->
 >> 27| <h1><%= paramsRender.title -%></h1>
    28| <div class="container" style="margin-top: 7%;">
    29|     <div class="hero-unit geddy-welcome-box">
    30|         <div class="row login-box">
paramsRender is not defined
    at handleErr (/usr/lib/node_modules/geddy/lib/template/engines/ejs.js:58:15)
    at Object.rethrow (/usr/lib/node_modules/geddy/lib/template/engines/ejs.js:90:41)
    at eval (eval at <anonymous> (/usr/lib/node_modules/geddy/lib/template/engines/ejs.js:88:10), <anonymous>:2:3782)
    at /usr/lib/node_modules/geddy/lib/template/engines/ejs.js:101:17
    at ejs.render (/usr/lib/node_modules/geddy/lib/template/adapters/ejs.js:28:10)
    at Adapter.render (/usr/lib/node_modules/geddy/lib/template/adapters/index.js:125:22)
    at Partial.renderSelf (/usr/lib/node_modules/geddy/lib/template/partial.js:126:28)
    at handleData (/usr/lib/node_modules/geddy/lib/template/partial.js:99:16)
    at /usr/lib/node_modules/geddy/lib/template/partial.js:117:9
    at fs.js:266:14
    at Object.oncomplete (fs.js:107:15)
[Tue, 24 Dec 2013 17:04:57 GMT] ERROR 127.0.0.1 - - [Wed Dec 25 2013 01:04:57 GMT+0800 (MYT)] "GET /notify 1.1" 500 2552 "-" "Mozilla/5.0 (X11; Linux i686) AppleWebKit/537.36 (KHTML, like Gecko) Ubuntu Chromium/31.0.1650.63 Chrome/31.0.1650.63 Safari/537.36"
ReferenceError: ejs:27
    25| </div>
    26| -->
 >> 27| <h1><%= paramsRender.title -%></h1>
    28| <div class="container" style="margin-top: 7%;">
    29|     <div class="hero-unit geddy-welcome-box">
    30|         <div class="row login-box">
paramsRender is not defined
    at handleErr (/usr/lib/node_modules/geddy/lib/template/engines/ejs.js:58:15)
    at Object.rethrow (/usr/lib/node_modules/geddy/lib/template/engines/ejs.js:90:41)
    at eval (eval at <anonymous> (/usr/lib/node_modules/geddy/lib/template/engines/ejs.js:88:10), <anonymous>:2:3782)
    at /usr/lib/node_modules/geddy/lib/template/engines/ejs.js:101:17
    at ejs.render (/usr/lib/node_modules/geddy/lib/template/adapters/ejs.js:28:10)
    at Adapter.render (/usr/lib/node_modules/geddy/lib/template/adapters/index.js:125:22)
    at Partial.renderSelf (/usr/lib/node_modules/geddy/lib/template/partial.js:126:28)
    at handleData (/usr/lib/node_modules/geddy/lib/template/partial.js:99:16)
    at /usr/lib/node_modules/geddy/lib/template/partial.js:117:9
    at fs.js:266:14
    at Object.oncomplete (fs.js:107:15)
[Tue, 24 Dec 2013 17:04:58 GMT] ERROR 127.0.0.1 - - [Wed Dec 25 2013 01:04:58 GMT+0800 (MYT)] "GET /notify 1.1" 500 2552 "-" "Mozilla/5.0 (X11; Linux i686) AppleWebKit/537.36 (KHTML, like Gecko) Ubuntu Chromium/31.0.1650.63 Chrome/31.0.1650.63 Safari/537.36"
ReferenceError: ejs:27
    25| </div>
    26| -->
 >> 27| <h1><%= paramsRender.title -%></h1>
    28| <div class="container" style="margin-top: 7%;">
    29|     <div class="hero-unit geddy-welcome-box">
    30|         <div class="row login-box">
paramsRender is not defined
    at handleErr (/usr/lib/node_modules/geddy/lib/template/engines/ejs.js:58:15)
    at Object.rethrow (/usr/lib/node_modules/geddy/lib/template/engines/ejs.js:90:41)
    at eval (eval at <anonymous> (/usr/lib/node_modules/geddy/lib/template/engines/ejs.js:88:10), <anonymous>:2:3782)
    at /usr/lib/node_modules/geddy/lib/template/engines/ejs.js:101:17
    at ejs.render (/usr/lib/node_modules/geddy/lib/template/adapters/ejs.js:28:10)
    at Adapter.render (/usr/lib/node_modules/geddy/lib/template/adapters/index.js:125:22)
    at Partial.renderSelf (/usr/lib/node_modules/geddy/lib/template/partial.js:126:28)
    at handleData (/usr/lib/node_modules/geddy/lib/template/partial.js:99:16)
    at /usr/lib/node_modules/geddy/lib/template/partial.js:117:9
    at fs.js:266:14
    at Object.oncomplete (fs.js:107:15)
[Tue, 24 Dec 2013 17:10:27 GMT] ERROR 127.0.0.1 - - [Wed Dec 25 2013 01:10:27 GMT+0800 (MYT)] "GET /notify 1.1" 500 2147 "-" "Mozilla/5.0 (X11; Linux i686) AppleWebKit/537.36 (KHTML, like Gecko) Ubuntu Chromium/31.0.1650.63 Chrome/31.0.1650.63 Safari/537.36"
SyntaxError: Unexpected token .
    at Object.Function (<anonymous>)
    at compile (/usr/lib/node_modules/geddy/lib/template/engines/ejs.js:88:10)
    at ejs.compile (/usr/lib/node_modules/geddy/lib/template/engines/ejs.js:25:18)
    at ejs.compile (/usr/lib/node_modules/geddy/lib/template/adapters/ejs.js:24:22)
    at Adapter.compile (/usr/lib/node_modules/geddy/lib/template/adapters/index.js:105:32)
    at Adapter.render (/usr/lib/node_modules/geddy/lib/template/adapters/index.js:125:40)
    at Partial.renderSelf (/usr/lib/node_modules/geddy/lib/template/partial.js:126:28)
    at handleData (/usr/lib/node_modules/geddy/lib/template/partial.js:99:16)
    at /usr/lib/node_modules/geddy/lib/template/partial.js:117:9
    at fs.js:266:14
    at Object.oncomplete (fs.js:107:15)
[Tue, 24 Dec 2013 17:10:30 GMT] ERROR 127.0.0.1 - - [Wed Dec 25 2013 01:10:30 GMT+0800 (MYT)] "GET /notify 1.1" 500 2147 "-" "Mozilla/5.0 (X11; Linux i686) AppleWebKit/537.36 (KHTML, like Gecko) Ubuntu Chromium/31.0.1650.63 Chrome/31.0.1650.63 Safari/537.36"
SyntaxError: Unexpected token .
    at Object.Function (<anonymous>)
    at compile (/usr/lib/node_modules/geddy/lib/template/engines/ejs.js:88:10)
    at ejs.compile (/usr/lib/node_modules/geddy/lib/template/engines/ejs.js:25:18)
    at ejs.compile (/usr/lib/node_modules/geddy/lib/template/adapters/ejs.js:24:22)
    at Adapter.compile (/usr/lib/node_modules/geddy/lib/template/adapters/index.js:105:32)
    at Adapter.render (/usr/lib/node_modules/geddy/lib/template/adapters/index.js:125:40)
    at Partial.renderSelf (/usr/lib/node_modules/geddy/lib/template/partial.js:126:28)
    at handleData (/usr/lib/node_modules/geddy/lib/template/partial.js:99:16)
    at /usr/lib/node_modules/geddy/lib/template/partial.js:117:9
    at fs.js:266:14
    at Object.oncomplete (fs.js:107:15)
[Tue, 24 Dec 2013 17:10:30 GMT] ERROR 127.0.0.1 - - [Wed Dec 25 2013 01:10:30 GMT+0800 (MYT)] "GET /notify 1.1" 500 2147 "-" "Mozilla/5.0 (X11; Linux i686) AppleWebKit/537.36 (KHTML, like Gecko) Ubuntu Chromium/31.0.1650.63 Chrome/31.0.1650.63 Safari/537.36"
SyntaxError: Unexpected token .
    at Object.Function (<anonymous>)
    at compile (/usr/lib/node_modules/geddy/lib/template/engines/ejs.js:88:10)
    at ejs.compile (/usr/lib/node_modules/geddy/lib/template/engines/ejs.js:25:18)
    at ejs.compile (/usr/lib/node_modules/geddy/lib/template/adapters/ejs.js:24:22)
    at Adapter.compile (/usr/lib/node_modules/geddy/lib/template/adapters/index.js:105:32)
    at Adapter.render (/usr/lib/node_modules/geddy/lib/template/adapters/index.js:125:40)
    at Partial.renderSelf (/usr/lib/node_modules/geddy/lib/template/partial.js:126:28)
    at handleData (/usr/lib/node_modules/geddy/lib/template/partial.js:99:16)
    at /usr/lib/node_modules/geddy/lib/template/partial.js:117:9
    at fs.js:266:14
    at Object.oncomplete (fs.js:107:15)
[Tue, 24 Dec 2013 17:10:31 GMT] ERROR 127.0.0.1 - - [Wed Dec 25 2013 01:10:31 GMT+0800 (MYT)] "GET /notify 1.1" 500 2147 "-" "Mozilla/5.0 (X11; Linux i686) AppleWebKit/537.36 (KHTML, like Gecko) Ubuntu Chromium/31.0.1650.63 Chrome/31.0.1650.63 Safari/537.36"
SyntaxError: Unexpected token .
    at Object.Function (<anonymous>)
    at compile (/usr/lib/node_modules/geddy/lib/template/engines/ejs.js:88:10)
    at ejs.compile (/usr/lib/node_modules/geddy/lib/template/engines/ejs.js:25:18)
    at ejs.compile (/usr/lib/node_modules/geddy/lib/template/adapters/ejs.js:24:22)
    at Adapter.compile (/usr/lib/node_modules/geddy/lib/template/adapters/index.js:105:32)
    at Adapter.render (/usr/lib/node_modules/geddy/lib/template/adapters/index.js:125:40)
    at Partial.renderSelf (/usr/lib/node_modules/geddy/lib/template/partial.js:126:28)
    at handleData (/usr/lib/node_modules/geddy/lib/template/partial.js:99:16)
    at /usr/lib/node_modules/geddy/lib/template/partial.js:117:9
    at fs.js:266:14
    at Object.oncomplete (fs.js:107:15)
[Tue, 24 Dec 2013 17:10:32 GMT] ERROR 127.0.0.1 - - [Wed Dec 25 2013 01:10:32 GMT+0800 (MYT)] "GET /notify 1.1" 500 2147 "-" "Mozilla/5.0 (X11; Linux i686) AppleWebKit/537.36 (KHTML, like Gecko) Ubuntu Chromium/31.0.1650.63 Chrome/31.0.1650.63 Safari/537.36"
SyntaxError: Unexpected token .
    at Object.Function (<anonymous>)
    at compile (/usr/lib/node_modules/geddy/lib/template/engines/ejs.js:88:10)
    at ejs.compile (/usr/lib/node_modules/geddy/lib/template/engines/ejs.js:25:18)
    at ejs.compile (/usr/lib/node_modules/geddy/lib/template/adapters/ejs.js:24:22)
    at Adapter.compile (/usr/lib/node_modules/geddy/lib/template/adapters/index.js:105:32)
    at Adapter.render (/usr/lib/node_modules/geddy/lib/template/adapters/index.js:125:40)
    at Partial.renderSelf (/usr/lib/node_modules/geddy/lib/template/partial.js:126:28)
    at handleData (/usr/lib/node_modules/geddy/lib/template/partial.js:99:16)
    at /usr/lib/node_modules/geddy/lib/template/partial.js:117:9
    at fs.js:266:14
    at Object.oncomplete (fs.js:107:15)
[Tue, 24 Dec 2013 17:10:52 GMT] ERROR 127.0.0.1 - - [Wed Dec 25 2013 01:10:52 GMT+0800 (MYT)] "GET /notify 1.1" 500 2551 "-" "Mozilla/5.0 (X11; Linux i686) AppleWebKit/537.36 (KHTML, like Gecko) Ubuntu Chromium/31.0.1650.63 Chrome/31.0.1650.63 Safari/537.36"
ReferenceError: ejs:27
    25| </div>
    26| -->
 >> 27| <h1><%= paramsRender.title %></h1>
    28| <div class="container" style="margin-top: 7%;">
    29|     <div class="hero-unit geddy-welcome-box">
    30|         <div class="row login-box">
paramsRender is not defined
    at handleErr (/usr/lib/node_modules/geddy/lib/template/engines/ejs.js:58:15)
    at Object.rethrow (/usr/lib/node_modules/geddy/lib/template/engines/ejs.js:90:41)
    at eval (eval at <anonymous> (/usr/lib/node_modules/geddy/lib/template/engines/ejs.js:88:10), <anonymous>:2:3784)
    at /usr/lib/node_modules/geddy/lib/template/engines/ejs.js:101:17
    at ejs.render (/usr/lib/node_modules/geddy/lib/template/adapters/ejs.js:28:10)
    at Adapter.render (/usr/lib/node_modules/geddy/lib/template/adapters/index.js:125:22)
    at Partial.renderSelf (/usr/lib/node_modules/geddy/lib/template/partial.js:126:28)
    at handleData (/usr/lib/node_modules/geddy/lib/template/partial.js:99:16)
    at /usr/lib/node_modules/geddy/lib/template/partial.js:117:9
    at fs.js:266:14
    at Object.oncomplete (fs.js:107:15)
[Tue, 24 Dec 2013 17:10:55 GMT] ERROR 127.0.0.1 - - [Wed Dec 25 2013 01:10:54 GMT+0800 (MYT)] "GET /notify 1.1" 500 2551 "-" "Mozilla/5.0 (X11; Linux i686) AppleWebKit/537.36 (KHTML, like Gecko) Ubuntu Chromium/31.0.1650.63 Chrome/31.0.1650.63 Safari/537.36"
ReferenceError: ejs:27
    25| </div>
    26| -->
 >> 27| <h1><%= paramsRender.title %></h1>
    28| <div class="container" style="margin-top: 7%;">
    29|     <div class="hero-unit geddy-welcome-box">
    30|         <div class="row login-box">
paramsRender is not defined
    at handleErr (/usr/lib/node_modules/geddy/lib/template/engines/ejs.js:58:15)
    at Object.rethrow (/usr/lib/node_modules/geddy/lib/template/engines/ejs.js:90:41)
    at eval (eval at <anonymous> (/usr/lib/node_modules/geddy/lib/template/engines/ejs.js:88:10), <anonymous>:2:3784)
    at /usr/lib/node_modules/geddy/lib/template/engines/ejs.js:101:17
    at ejs.render (/usr/lib/node_modules/geddy/lib/template/adapters/ejs.js:28:10)
    at Adapter.render (/usr/lib/node_modules/geddy/lib/template/adapters/index.js:125:22)
    at Partial.renderSelf (/usr/lib/node_modules/geddy/lib/template/partial.js:126:28)
    at handleData (/usr/lib/node_modules/geddy/lib/template/partial.js:99:16)
    at /usr/lib/node_modules/geddy/lib/template/partial.js:117:9
    at fs.js:266:14
    at Object.oncomplete (fs.js:107:15)
[Tue, 24 Dec 2013 17:10:55 GMT] ERROR 127.0.0.1 - - [Wed Dec 25 2013 01:10:55 GMT+0800 (MYT)] "GET /notify 1.1" 500 2551 "-" "Mozilla/5.0 (X11; Linux i686) AppleWebKit/537.36 (KHTML, like Gecko) Ubuntu Chromium/31.0.1650.63 Chrome/31.0.1650.63 Safari/537.36"
ReferenceError: ejs:27
    25| </div>
    26| -->
 >> 27| <h1><%= paramsRender.title %></h1>
    28| <div class="container" style="margin-top: 7%;">
    29|     <div class="hero-unit geddy-welcome-box">
    30|         <div class="row login-box">
paramsRender is not defined
    at handleErr (/usr/lib/node_modules/geddy/lib/template/engines/ejs.js:58:15)
    at Object.rethrow (/usr/lib/node_modules/geddy/lib/template/engines/ejs.js:90:41)
    at eval (eval at <anonymous> (/usr/lib/node_modules/geddy/lib/template/engines/ejs.js:88:10), <anonymous>:2:3784)
    at /usr/lib/node_modules/geddy/lib/template/engines/ejs.js:101:17
    at ejs.render (/usr/lib/node_modules/geddy/lib/template/adapters/ejs.js:28:10)
    at Adapter.render (/usr/lib/node_modules/geddy/lib/template/adapters/index.js:125:22)
    at Partial.renderSelf (/usr/lib/node_modules/geddy/lib/template/partial.js:126:28)
    at handleData (/usr/lib/node_modules/geddy/lib/template/partial.js:99:16)
    at /usr/lib/node_modules/geddy/lib/template/partial.js:117:9
    at fs.js:266:14
    at Object.oncomplete (fs.js:107:15)
[Tue, 24 Dec 2013 17:10:56 GMT] ERROR 127.0.0.1 - - [Wed Dec 25 2013 01:10:56 GMT+0800 (MYT)] "GET /notify 1.1" 500 2551 "-" "Mozilla/5.0 (X11; Linux i686) AppleWebKit/537.36 (KHTML, like Gecko) Ubuntu Chromium/31.0.1650.63 Chrome/31.0.1650.63 Safari/537.36"
ReferenceError: ejs:27
    25| </div>
    26| -->
 >> 27| <h1><%= paramsRender.title %></h1>
    28| <div class="container" style="margin-top: 7%;">
    29|     <div class="hero-unit geddy-welcome-box">
    30|         <div class="row login-box">
paramsRender is not defined
    at handleErr (/usr/lib/node_modules/geddy/lib/template/engines/ejs.js:58:15)
    at Object.rethrow (/usr/lib/node_modules/geddy/lib/template/engines/ejs.js:90:41)
    at eval (eval at <anonymous> (/usr/lib/node_modules/geddy/lib/template/engines/ejs.js:88:10), <anonymous>:2:3784)
    at /usr/lib/node_modules/geddy/lib/template/engines/ejs.js:101:17
    at ejs.render (/usr/lib/node_modules/geddy/lib/template/adapters/ejs.js:28:10)
    at Adapter.render (/usr/lib/node_modules/geddy/lib/template/adapters/index.js:125:22)
    at Partial.renderSelf (/usr/lib/node_modules/geddy/lib/template/partial.js:126:28)
    at handleData (/usr/lib/node_modules/geddy/lib/template/partial.js:99:16)
    at /usr/lib/node_modules/geddy/lib/template/partial.js:117:9
    at fs.js:266:14
    at Object.oncomplete (fs.js:107:15)
[Tue, 24 Dec 2013 17:11:08 GMT] ERROR 127.0.0.1 - - [Wed Dec 25 2013 01:11:08 GMT+0800 (MYT)] "GET /notify 1.1" 500 2147 "-" "Mozilla/5.0 (X11; Linux i686) AppleWebKit/537.36 (KHTML, like Gecko) Ubuntu Chromium/31.0.1650.63 Chrome/31.0.1650.63 Safari/537.36"
SyntaxError: Unexpected token .
    at Object.Function (<anonymous>)
    at compile (/usr/lib/node_modules/geddy/lib/template/engines/ejs.js:88:10)
    at ejs.compile (/usr/lib/node_modules/geddy/lib/template/engines/ejs.js:25:18)
    at ejs.compile (/usr/lib/node_modules/geddy/lib/template/adapters/ejs.js:24:22)
    at Adapter.compile (/usr/lib/node_modules/geddy/lib/template/adapters/index.js:105:32)
    at Adapter.render (/usr/lib/node_modules/geddy/lib/template/adapters/index.js:125:40)
    at Partial.renderSelf (/usr/lib/node_modules/geddy/lib/template/partial.js:126:28)
    at handleData (/usr/lib/node_modules/geddy/lib/template/partial.js:99:16)
    at /usr/lib/node_modules/geddy/lib/template/partial.js:117:9
    at fs.js:266:14
    at Object.oncomplete (fs.js:107:15)
[Tue, 24 Dec 2013 17:11:09 GMT] ERROR 127.0.0.1 - - [Wed Dec 25 2013 01:11:09 GMT+0800 (MYT)] "GET /notify 1.1" 500 2147 "-" "Mozilla/5.0 (X11; Linux i686) AppleWebKit/537.36 (KHTML, like Gecko) Ubuntu Chromium/31.0.1650.63 Chrome/31.0.1650.63 Safari/537.36"
SyntaxError: Unexpected token .
    at Object.Function (<anonymous>)
    at compile (/usr/lib/node_modules/geddy/lib/template/engines/ejs.js:88:10)
    at ejs.compile (/usr/lib/node_modules/geddy/lib/template/engines/ejs.js:25:18)
    at ejs.compile (/usr/lib/node_modules/geddy/lib/template/adapters/ejs.js:24:22)
    at Adapter.compile (/usr/lib/node_modules/geddy/lib/template/adapters/index.js:105:32)
    at Adapter.render (/usr/lib/node_modules/geddy/lib/template/adapters/index.js:125:40)
    at Partial.renderSelf (/usr/lib/node_modules/geddy/lib/template/partial.js:126:28)
    at handleData (/usr/lib/node_modules/geddy/lib/template/partial.js:99:16)
    at /usr/lib/node_modules/geddy/lib/template/partial.js:117:9
    at fs.js:266:14
    at Object.oncomplete (fs.js:107:15)
[Tue, 24 Dec 2013 17:11:10 GMT] ERROR 127.0.0.1 - - [Wed Dec 25 2013 01:11:10 GMT+0800 (MYT)] "GET /notify 1.1" 500 2147 "-" "Mozilla/5.0 (X11; Linux i686) AppleWebKit/537.36 (KHTML, like Gecko) Ubuntu Chromium/31.0.1650.63 Chrome/31.0.1650.63 Safari/537.36"
SyntaxError: Unexpected token .
    at Object.Function (<anonymous>)
    at compile (/usr/lib/node_modules/geddy/lib/template/engines/ejs.js:88:10)
    at ejs.compile (/usr/lib/node_modules/geddy/lib/template/engines/ejs.js:25:18)
    at ejs.compile (/usr/lib/node_modules/geddy/lib/template/adapters/ejs.js:24:22)
    at Adapter.compile (/usr/lib/node_modules/geddy/lib/template/adapters/index.js:105:32)
    at Adapter.render (/usr/lib/node_modules/geddy/lib/template/adapters/index.js:125:40)
    at Partial.renderSelf (/usr/lib/node_modules/geddy/lib/template/partial.js:126:28)
    at handleData (/usr/lib/node_modules/geddy/lib/template/partial.js:99:16)
    at /usr/lib/node_modules/geddy/lib/template/partial.js:117:9
    at fs.js:266:14
    at Object.oncomplete (fs.js:107:15)
[Tue, 24 Dec 2013 17:11:10 GMT] ERROR 127.0.0.1 - - [Wed Dec 25 2013 01:11:10 GMT+0800 (MYT)] "GET /notify 1.1" 500 2147 "-" "Mozilla/5.0 (X11; Linux i686) AppleWebKit/537.36 (KHTML, like Gecko) Ubuntu Chromium/31.0.1650.63 Chrome/31.0.1650.63 Safari/537.36"
SyntaxError: Unexpected token .
    at Object.Function (<anonymous>)
    at compile (/usr/lib/node_modules/geddy/lib/template/engines/ejs.js:88:10)
    at ejs.compile (/usr/lib/node_modules/geddy/lib/template/engines/ejs.js:25:18)
    at ejs.compile (/usr/lib/node_modules/geddy/lib/template/adapters/ejs.js:24:22)
    at Adapter.compile (/usr/lib/node_modules/geddy/lib/template/adapters/index.js:105:32)
    at Adapter.render (/usr/lib/node_modules/geddy/lib/template/adapters/index.js:125:40)
    at Partial.renderSelf (/usr/lib/node_modules/geddy/lib/template/partial.js:126:28)
    at handleData (/usr/lib/node_modules/geddy/lib/template/partial.js:99:16)
    at /usr/lib/node_modules/geddy/lib/template/partial.js:117:9
    at fs.js:266:14
    at Object.oncomplete (fs.js:107:15)
[Tue, 24 Dec 2013 17:11:11 GMT] ERROR 127.0.0.1 - - [Wed Dec 25 2013 01:11:11 GMT+0800 (MYT)] "GET /notify 1.1" 500 2147 "-" "Mozilla/5.0 (X11; Linux i686) AppleWebKit/537.36 (KHTML, like Gecko) Ubuntu Chromium/31.0.1650.63 Chrome/31.0.1650.63 Safari/537.36"
SyntaxError: Unexpected token .
    at Object.Function (<anonymous>)
    at compile (/usr/lib/node_modules/geddy/lib/template/engines/ejs.js:88:10)
    at ejs.compile (/usr/lib/node_modules/geddy/lib/template/engines/ejs.js:25:18)
    at ejs.compile (/usr/lib/node_modules/geddy/lib/template/adapters/ejs.js:24:22)
    at Adapter.compile (/usr/lib/node_modules/geddy/lib/template/adapters/index.js:105:32)
    at Adapter.render (/usr/lib/node_modules/geddy/lib/template/adapters/index.js:125:40)
    at Partial.renderSelf (/usr/lib/node_modules/geddy/lib/template/partial.js:126:28)
    at handleData (/usr/lib/node_modules/geddy/lib/template/partial.js:99:16)
    at /usr/lib/node_modules/geddy/lib/template/partial.js:117:9
    at fs.js:266:14
    at Object.oncomplete (fs.js:107:15)
[Tue, 24 Dec 2013 17:11:11 GMT] ERROR 127.0.0.1 - - [Wed Dec 25 2013 01:11:11 GMT+0800 (MYT)] "GET /notify 1.1" 500 2147 "-" "Mozilla/5.0 (X11; Linux i686) AppleWebKit/537.36 (KHTML, like Gecko) Ubuntu Chromium/31.0.1650.63 Chrome/31.0.1650.63 Safari/537.36"
SyntaxError: Unexpected token .
    at Object.Function (<anonymous>)
    at compile (/usr/lib/node_modules/geddy/lib/template/engines/ejs.js:88:10)
    at ejs.compile (/usr/lib/node_modules/geddy/lib/template/engines/ejs.js:25:18)
    at ejs.compile (/usr/lib/node_modules/geddy/lib/template/adapters/ejs.js:24:22)
    at Adapter.compile (/usr/lib/node_modules/geddy/lib/template/adapters/index.js:105:32)
    at Adapter.render (/usr/lib/node_modules/geddy/lib/template/adapters/index.js:125:40)
    at Partial.renderSelf (/usr/lib/node_modules/geddy/lib/template/partial.js:126:28)
    at handleData (/usr/lib/node_modules/geddy/lib/template/partial.js:99:16)
    at /usr/lib/node_modules/geddy/lib/template/partial.js:117:9
    at fs.js:266:14
    at Object.oncomplete (fs.js:107:15)
[Tue, 24 Dec 2013 17:11:12 GMT] ERROR 127.0.0.1 - - [Wed Dec 25 2013 01:11:12 GMT+0800 (MYT)] "GET /notify 1.1" 500 2147 "-" "Mozilla/5.0 (X11; Linux i686) AppleWebKit/537.36 (KHTML, like Gecko) Ubuntu Chromium/31.0.1650.63 Chrome/31.0.1650.63 Safari/537.36"
SyntaxError: Unexpected token .
    at Object.Function (<anonymous>)
    at compile (/usr/lib/node_modules/geddy/lib/template/engines/ejs.js:88:10)
    at ejs.compile (/usr/lib/node_modules/geddy/lib/template/engines/ejs.js:25:18)
    at ejs.compile (/usr/lib/node_modules/geddy/lib/template/adapters/ejs.js:24:22)
    at Adapter.compile (/usr/lib/node_modules/geddy/lib/template/adapters/index.js:105:32)
    at Adapter.render (/usr/lib/node_modules/geddy/lib/template/adapters/index.js:125:40)
    at Partial.renderSelf (/usr/lib/node_modules/geddy/lib/template/partial.js:126:28)
    at handleData (/usr/lib/node_modules/geddy/lib/template/partial.js:99:16)
    at /usr/lib/node_modules/geddy/lib/template/partial.js:117:9
    at fs.js:266:14
    at Object.oncomplete (fs.js:107:15)
[Tue, 24 Dec 2013 17:11:31 GMT] ERROR 127.0.0.1 - - [Wed Dec 25 2013 01:11:31 GMT+0800 (MYT)] "GET /notify 1.1" 500 2545 "-" "Mozilla/5.0 (X11; Linux i686) AppleWebKit/537.36 (KHTML, like Gecko) Ubuntu Chromium/31.0.1650.63 Chrome/31.0.1650.63 Safari/537.36"
ReferenceError: ejs:27
    25| </div>
    26| -->
 >> 27| <h1><%= paramsRender %></h1>
    28| <div class="container" style="margin-top: 7%;">
    29|     <div class="hero-unit geddy-welcome-box">
    30|         <div class="row login-box">
paramsRender is not defined
    at handleErr (/usr/lib/node_modules/geddy/lib/template/engines/ejs.js:58:15)
    at Object.rethrow (/usr/lib/node_modules/geddy/lib/template/engines/ejs.js:90:41)
    at eval (eval at <anonymous> (/usr/lib/node_modules/geddy/lib/template/engines/ejs.js:104:3), <anonymous>:2:3778)
    at /usr/lib/node_modules/geddy/lib/template/engines/ejs.js:101:17
    at ejs.render (/usr/lib/node_modules/geddy/lib/template/adapters/ejs.js:28:10)
    at Adapter.render (/usr/lib/node_modules/geddy/lib/template/adapters/index.js:125:22)
    at Partial.renderSelf (/usr/lib/node_modules/geddy/lib/template/partial.js:126:28)
    at handleData (/usr/lib/node_modules/geddy/lib/template/partial.js:99:16)
    at /usr/lib/node_modules/geddy/lib/template/partial.js:117:9
    at fs.js:266:14
    at Object.oncomplete (fs.js:107:15)
[Tue, 24 Dec 2013 17:11:35 GMT] ERROR 127.0.0.1 - - [Wed Dec 25 2013 01:11:35 GMT+0800 (MYT)] "GET /notify 1.1" 500 2545 "-" "Mozilla/5.0 (X11; Linux i686) AppleWebKit/537.36 (KHTML, like Gecko) Ubuntu Chromium/31.0.1650.63 Chrome/31.0.1650.63 Safari/537.36"
ReferenceError: ejs:27
    25| </div>
    26| -->
 >> 27| <h1><%= paramsRender %></h1>
    28| <div class="container" style="margin-top: 7%;">
    29|     <div class="hero-unit geddy-welcome-box">
    30|         <div class="row login-box">
paramsRender is not defined
    at handleErr (/usr/lib/node_modules/geddy/lib/template/engines/ejs.js:58:15)
    at Object.rethrow (/usr/lib/node_modules/geddy/lib/template/engines/ejs.js:90:41)
    at eval (eval at <anonymous> (/usr/lib/node_modules/geddy/lib/template/engines/ejs.js:104:3), <anonymous>:2:3778)
    at /usr/lib/node_modules/geddy/lib/template/engines/ejs.js:101:17
    at ejs.render (/usr/lib/node_modules/geddy/lib/template/adapters/ejs.js:28:10)
    at Adapter.render (/usr/lib/node_modules/geddy/lib/template/adapters/index.js:125:22)
    at Partial.renderSelf (/usr/lib/node_modules/geddy/lib/template/partial.js:126:28)
    at handleData (/usr/lib/node_modules/geddy/lib/template/partial.js:99:16)
    at /usr/lib/node_modules/geddy/lib/template/partial.js:117:9
    at fs.js:266:14
    at Object.oncomplete (fs.js:107:15)
[Tue, 24 Dec 2013 17:11:36 GMT] ERROR 127.0.0.1 - - [Wed Dec 25 2013 01:11:36 GMT+0800 (MYT)] "GET /notify 1.1" 500 2545 "-" "Mozilla/5.0 (X11; Linux i686) AppleWebKit/537.36 (KHTML, like Gecko) Ubuntu Chromium/31.0.1650.63 Chrome/31.0.1650.63 Safari/537.36"
ReferenceError: ejs:27
    25| </div>
    26| -->
 >> 27| <h1><%= paramsRender %></h1>
    28| <div class="container" style="margin-top: 7%;">
    29|     <div class="hero-unit geddy-welcome-box">
    30|         <div class="row login-box">
paramsRender is not defined
    at handleErr (/usr/lib/node_modules/geddy/lib/template/engines/ejs.js:58:15)
    at Object.rethrow (/usr/lib/node_modules/geddy/lib/template/engines/ejs.js:90:41)
    at eval (eval at <anonymous> (/usr/lib/node_modules/geddy/lib/template/engines/ejs.js:104:3), <anonymous>:2:3778)
    at /usr/lib/node_modules/geddy/lib/template/engines/ejs.js:101:17
    at ejs.render (/usr/lib/node_modules/geddy/lib/template/adapters/ejs.js:28:10)
    at Adapter.render (/usr/lib/node_modules/geddy/lib/template/adapters/index.js:125:22)
    at Partial.renderSelf (/usr/lib/node_modules/geddy/lib/template/partial.js:126:28)
    at handleData (/usr/lib/node_modules/geddy/lib/template/partial.js:99:16)
    at /usr/lib/node_modules/geddy/lib/template/partial.js:117:9
    at fs.js:266:14
    at Object.oncomplete (fs.js:107:15)
[Tue, 24 Dec 2013 17:11:36 GMT] ERROR 127.0.0.1 - - [Wed Dec 25 2013 01:11:36 GMT+0800 (MYT)] "GET /notify 1.1" 500 2545 "-" "Mozilla/5.0 (X11; Linux i686) AppleWebKit/537.36 (KHTML, like Gecko) Ubuntu Chromium/31.0.1650.63 Chrome/31.0.1650.63 Safari/537.36"
ReferenceError: ejs:27
    25| </div>
    26| -->
 >> 27| <h1><%= paramsRender %></h1>
    28| <div class="container" style="margin-top: 7%;">
    29|     <div class="hero-unit geddy-welcome-box">
    30|         <div class="row login-box">
paramsRender is not defined
    at handleErr (/usr/lib/node_modules/geddy/lib/template/engines/ejs.js:58:15)
    at Object.rethrow (/usr/lib/node_modules/geddy/lib/template/engines/ejs.js:90:41)
    at eval (eval at <anonymous> (/usr/lib/node_modules/geddy/lib/template/engines/ejs.js:104:3), <anonymous>:2:3778)
    at /usr/lib/node_modules/geddy/lib/template/engines/ejs.js:101:17
    at ejs.render (/usr/lib/node_modules/geddy/lib/template/adapters/ejs.js:28:10)
    at Adapter.render (/usr/lib/node_modules/geddy/lib/template/adapters/index.js:125:22)
    at Partial.renderSelf (/usr/lib/node_modules/geddy/lib/template/partial.js:126:28)
    at handleData (/usr/lib/node_modules/geddy/lib/template/partial.js:99:16)
    at /usr/lib/node_modules/geddy/lib/template/partial.js:117:9
    at fs.js:266:14
    at Object.oncomplete (fs.js:107:15)
[Tue, 24 Dec 2013 17:11:37 GMT] ERROR 127.0.0.1 - - [Wed Dec 25 2013 01:11:37 GMT+0800 (MYT)] "GET /notify 1.1" 500 2545 "-" "Mozilla/5.0 (X11; Linux i686) AppleWebKit/537.36 (KHTML, like Gecko) Ubuntu Chromium/31.0.1650.63 Chrome/31.0.1650.63 Safari/537.36"
ReferenceError: ejs:27
    25| </div>
    26| -->
 >> 27| <h1><%= paramsRender %></h1>
    28| <div class="container" style="margin-top: 7%;">
    29|     <div class="hero-unit geddy-welcome-box">
    30|         <div class="row login-box">
paramsRender is not defined
    at handleErr (/usr/lib/node_modules/geddy/lib/template/engines/ejs.js:58:15)
    at Object.rethrow (/usr/lib/node_modules/geddy/lib/template/engines/ejs.js:90:41)
    at eval (eval at <anonymous> (/usr/lib/node_modules/geddy/lib/template/engines/ejs.js:104:3), <anonymous>:2:3778)
    at /usr/lib/node_modules/geddy/lib/template/engines/ejs.js:101:17
    at ejs.render (/usr/lib/node_modules/geddy/lib/template/adapters/ejs.js:28:10)
    at Adapter.render (/usr/lib/node_modules/geddy/lib/template/adapters/index.js:125:22)
    at Partial.renderSelf (/usr/lib/node_modules/geddy/lib/template/partial.js:126:28)
    at handleData (/usr/lib/node_modules/geddy/lib/template/partial.js:99:16)
    at /usr/lib/node_modules/geddy/lib/template/partial.js:117:9
    at fs.js:266:14
    at Object.oncomplete (fs.js:107:15)
