[Sun, 30 Jun 2013 14:30:31 GMT] INFO Server starting with config: {
  "environment": "development",
  "workers": 1,
  "port": "8888",
  "spdy": null,
  "ssl": null,
  "debug": true,
  "rotateWorkers": false,
  "rotationWindow": 7200000,
  "rotationTimeout": 300000,
  "logDir": "/home/user/nodejs/poslaju/log",
  "gracefulShutdownTimeout": 30000,
  "heartbeatInterval": 5000,
  "heartbeatWindow": 20000,
  "staticFilePath": "/home/user/nodejs/poslaju/public",
  "sessions": {
    "store": "memory",
    "key": "sid",
    "expiry": 1209600
  },
  "cookieSessionKey": "sdata",
  "i18n": {
    "defaultLocale": "en-us",
    "loadPaths": [
      "/home/user/nodejs/poslaju/config/locales"
    ]
  },
  "hostname": null,
  "fullHostname": null,
  "connectCompatibility": false,
  "detailedErrors": true,
  "model": {
    "defaultAdapter": "memory"
  }
}
[Sun, 30 Jun 2013 14:30:31 GMT] INFO Creating 1 worker process.
[Sun, 30 Jun 2013 14:30:31 GMT] INFO Server worker running in development on port 8888 with a PID of: 31721
[Sun, 30 Jun 2013 14:31:44 GMT] INFO Code changed, killing 31721, cycling ...
[Sun, 30 Jun 2013 14:31:44 GMT] INFO Creating 1 worker process.
[Sun, 30 Jun 2013 14:31:44 GMT] INFO Code changed, killing 31728, cycling ...
[Sun, 30 Jun 2013 14:31:44 GMT] INFO Creating 1 worker process.
[Sun, 30 Jun 2013 14:31:45 GMT] INFO Server worker running in development on port 8888 with a PID of: 31729
[Sun, 30 Jun 2013 14:31:48 GMT] INFO Code changed, killing 31729, cycling ...
[Sun, 30 Jun 2013 14:31:48 GMT] INFO Creating 1 worker process.
[Sun, 30 Jun 2013 14:31:48 GMT] INFO Code changed, killing 31738, cycling ...
[Sun, 30 Jun 2013 14:31:48 GMT] INFO Creating 1 worker process.
[Sun, 30 Jun 2013 14:31:48 GMT] INFO Server worker running in development on port 8888 with a PID of: 31739
[Sun, 30 Jun 2013 14:31:52 GMT] INFO Code changed, killing 31739, cycling ...
[Sun, 30 Jun 2013 14:31:52 GMT] INFO Creating 1 worker process.
[Sun, 30 Jun 2013 14:31:52 GMT] INFO Code changed, killing 31746, cycling ...
[Sun, 30 Jun 2013 14:31:52 GMT] INFO Creating 1 worker process.
[Sun, 30 Jun 2013 14:31:52 GMT] INFO Server worker running in development on port 8888 with a PID of: 31748
[Sun, 30 Jun 2013 14:35:35 GMT] INFO Code changed, killing 31748, cycling ...
[Sun, 30 Jun 2013 14:35:35 GMT] INFO Creating 1 worker process.
[Sun, 30 Jun 2013 14:35:35 GMT] INFO Code changed, killing 31771, cycling ...
[Sun, 30 Jun 2013 14:35:35 GMT] INFO Creating 1 worker process.
[Sun, 30 Jun 2013 14:36:10 GMT] INFO Creating 1 worker process.
[Sun, 30 Jun 2013 14:36:10 GMT] INFO Code changed, killing 31778, cycling ...
[Sun, 30 Jun 2013 14:36:10 GMT] INFO Creating 1 worker process.
[Sun, 30 Jun 2013 14:36:10 GMT] INFO Server worker running in development on port 8888 with a PID of: 31779
[Sun, 30 Jun 2013 14:36:35 GMT] INFO Code changed, killing 31779, cycling ...
[Sun, 30 Jun 2013 14:36:35 GMT] INFO Creating 1 worker process.
[Sun, 30 Jun 2013 14:36:35 GMT] INFO Code changed, killing 31785, cycling ...
[Sun, 30 Jun 2013 14:36:35 GMT] INFO Creating 1 worker process.
[Sun, 30 Jun 2013 14:36:35 GMT] INFO Server worker running in development on port 8888 with a PID of: 31786
[Sun, 30 Jun 2013 14:37:03 GMT] INFO Code changed, killing 31786, cycling ...
[Sun, 30 Jun 2013 14:37:03 GMT] INFO Creating 1 worker process.
[Sun, 30 Jun 2013 14:37:03 GMT] INFO Code changed, killing 31794, cycling ...
[Sun, 30 Jun 2013 14:37:03 GMT] INFO Creating 1 worker process.
[Sun, 30 Jun 2013 14:37:04 GMT] INFO Server worker running in development on port 8888 with a PID of: 31795
[Sun, 30 Jun 2013 14:37:43 GMT] INFO Code changed, killing 31795, cycling ...
[Sun, 30 Jun 2013 14:37:43 GMT] INFO Creating 1 worker process.
[Sun, 30 Jun 2013 14:37:43 GMT] INFO Code changed, killing 31798, cycling ...
[Sun, 30 Jun 2013 14:37:43 GMT] INFO Creating 1 worker process.
[Sun, 30 Jun 2013 14:37:44 GMT] INFO Server worker running in development on port 8888 with a PID of: 31799
[Sun, 30 Jun 2013 14:39:23 GMT] INFO Code changed, killing 31799, cycling ...
[Sun, 30 Jun 2013 14:39:23 GMT] INFO Creating 1 worker process.
[Sun, 30 Jun 2013 14:39:23 GMT] INFO Code changed, killing 31838, cycling ...
[Sun, 30 Jun 2013 14:39:23 GMT] INFO Creating 1 worker process.
[Sun, 30 Jun 2013 14:39:24 GMT] INFO Server worker running in development on port 8888 with a PID of: 31839
[Sun, 30 Jun 2013 14:39:28 GMT] INFO Code changed, killing 31839, cycling ...
[Sun, 30 Jun 2013 14:39:28 GMT] INFO Creating 1 worker process.
[Sun, 30 Jun 2013 14:39:28 GMT] INFO Code changed, killing 31844, cycling ...
[Sun, 30 Jun 2013 14:39:28 GMT] INFO Creating 1 worker process.
[Sun, 30 Jun 2013 14:39:28 GMT] INFO Server worker running in development on port 8888 with a PID of: 31845
[Sun, 30 Jun 2013 14:39:43 GMT] INFO Code changed, killing 31845, cycling ...
[Sun, 30 Jun 2013 14:39:43 GMT] INFO Creating 1 worker process.
[Sun, 30 Jun 2013 14:39:43 GMT] INFO Code changed, killing 31851, cycling ...
[Sun, 30 Jun 2013 14:39:43 GMT] INFO Creating 1 worker process.
[Sun, 30 Jun 2013 14:39:43 GMT] INFO Server worker running in development on port 8888 with a PID of: 31852
[Sun, 30 Jun 2013 14:40:24 GMT] INFO Code changed, killing 31852, cycling ...
[Sun, 30 Jun 2013 14:40:24 GMT] INFO Creating 1 worker process.
[Sun, 30 Jun 2013 14:40:24 GMT] INFO Code changed, killing 31859, cycling ...
[Sun, 30 Jun 2013 14:40:24 GMT] INFO Creating 1 worker process.
[Sun, 30 Jun 2013 14:40:25 GMT] INFO Server worker running in development on port 8888 with a PID of: 31860
[Sun, 30 Jun 2013 14:40:30 GMT] INFO Code changed, killing 31860, cycling ...
[Sun, 30 Jun 2013 14:40:30 GMT] INFO Creating 1 worker process.
[Sun, 30 Jun 2013 14:40:30 GMT] INFO Code changed, killing 31867, cycling ...
[Sun, 30 Jun 2013 14:40:30 GMT] INFO Creating 1 worker process.
[Sun, 30 Jun 2013 14:40:30 GMT] INFO Server worker running in development on port 8888 with a PID of: 31868
[Sun, 30 Jun 2013 14:40:42 GMT] INFO Code changed, killing 31868, cycling ...
[Sun, 30 Jun 2013 14:40:42 GMT] INFO Creating 1 worker process.
[Sun, 30 Jun 2013 14:40:42 GMT] INFO Code changed, killing 31876, cycling ...
[Sun, 30 Jun 2013 14:40:42 GMT] INFO Creating 1 worker process.
[Sun, 30 Jun 2013 14:40:42 GMT] INFO Server worker running in development on port 8888 with a PID of: 31877
[Sun, 30 Jun 2013 14:40:56 GMT] INFO Code changed, killing 31877, cycling ...
[Sun, 30 Jun 2013 14:40:56 GMT] INFO Creating 1 worker process.
[Sun, 30 Jun 2013 14:40:56 GMT] INFO Code changed, killing 31888, cycling ...
[Sun, 30 Jun 2013 14:40:56 GMT] INFO Creating 1 worker process.
[Sun, 30 Jun 2013 14:40:56 GMT] INFO Server worker running in development on port 8888 with a PID of: 31889
[Sun, 30 Jun 2013 14:41:05 GMT] INFO Code changed, killing 31889, cycling ...
[Sun, 30 Jun 2013 14:41:05 GMT] INFO Creating 1 worker process.
[Sun, 30 Jun 2013 14:41:05 GMT] INFO Code changed, killing 31896, cycling ...
[Sun, 30 Jun 2013 14:41:05 GMT] INFO Creating 1 worker process.
[Sun, 30 Jun 2013 14:41:06 GMT] INFO Server worker running in development on port 8888 with a PID of: 31897
[Sun, 30 Jun 2013 14:42:46 GMT] INFO Code changed, killing 31897, cycling ...
[Sun, 30 Jun 2013 14:42:46 GMT] INFO Creating 1 worker process.
[Sun, 30 Jun 2013 14:42:46 GMT] INFO Code changed, killing 31904, cycling ...
[Sun, 30 Jun 2013 14:42:46 GMT] INFO Creating 1 worker process.
[Sun, 30 Jun 2013 14:42:57 GMT] INFO Creating 1 worker process.
[Sun, 30 Jun 2013 14:42:57 GMT] INFO Code changed, killing 31907, cycling ...
[Sun, 30 Jun 2013 14:42:57 GMT] INFO Creating 1 worker process.
[Sun, 30 Jun 2013 14:42:57 GMT] INFO Server worker running in development on port 8888 with a PID of: 31908
[Sun, 30 Jun 2013 14:45:40 GMT] INFO Code changed, killing 31908, cycling ...
[Sun, 30 Jun 2013 14:45:40 GMT] INFO Creating 1 worker process.
[Sun, 30 Jun 2013 14:45:40 GMT] INFO Code changed, killing 31913, cycling ...
[Sun, 30 Jun 2013 14:45:40 GMT] INFO Creating 1 worker process.
[Sun, 30 Jun 2013 14:45:40 GMT] INFO Server worker running in development on port 8888 with a PID of: 31914
[Sun, 30 Jun 2013 14:46:12 GMT] INFO Code changed, killing 31914, cycling ...
[Sun, 30 Jun 2013 14:46:12 GMT] INFO Creating 1 worker process.
[Sun, 30 Jun 2013 14:46:12 GMT] INFO Code changed, killing 31916, cycling ...
[Sun, 30 Jun 2013 14:46:12 GMT] INFO Creating 1 worker process.
[Sun, 30 Jun 2013 14:46:12 GMT] INFO Server worker running in development on port 8888 with a PID of: 31917
[Sun, 30 Jun 2013 14:47:03 GMT] INFO Code changed, killing 31917, cycling ...
[Sun, 30 Jun 2013 14:47:03 GMT] INFO Creating 1 worker process.
[Sun, 30 Jun 2013 14:47:03 GMT] INFO Code changed, killing 31919, cycling ...
[Sun, 30 Jun 2013 14:47:03 GMT] INFO Creating 1 worker process.
[Sun, 30 Jun 2013 14:47:04 GMT] INFO Server worker running in development on port 8888 with a PID of: 31920
[Sun, 30 Jun 2013 14:48:19 GMT] INFO Code changed, killing 31920, cycling ...
[Sun, 30 Jun 2013 14:48:19 GMT] INFO Creating 1 worker process.
[Sun, 30 Jun 2013 14:48:19 GMT] INFO Code changed, killing 31922, cycling ...
[Sun, 30 Jun 2013 14:48:19 GMT] INFO Creating 1 worker process.
[Sun, 30 Jun 2013 14:48:19 GMT] INFO Server worker running in development on port 8888 with a PID of: 31923
[Sun, 30 Jun 2013 14:48:29 GMT] INFO Code changed, killing 31923, cycling ...
[Sun, 30 Jun 2013 14:48:29 GMT] INFO Creating 1 worker process.
[Sun, 30 Jun 2013 14:48:29 GMT] INFO Code changed, killing 31925, cycling ...
[Sun, 30 Jun 2013 14:48:29 GMT] INFO Creating 1 worker process.
[Sun, 30 Jun 2013 14:48:30 GMT] INFO Server worker running in development on port 8888 with a PID of: 31926
[Sun, 30 Jun 2013 14:48:47 GMT] INFO Code changed, killing 31926, cycling ...
[Sun, 30 Jun 2013 14:48:47 GMT] INFO Creating 1 worker process.
[Sun, 30 Jun 2013 14:48:47 GMT] INFO Code changed, killing 31928, cycling ...
[Sun, 30 Jun 2013 14:48:47 GMT] INFO Creating 1 worker process.
[Sun, 30 Jun 2013 14:48:47 GMT] INFO Server worker running in development on port 8888 with a PID of: 31929
[Sun, 30 Jun 2013 14:49:53 GMT] INFO Code changed, killing 31929, cycling ...
[Sun, 30 Jun 2013 14:49:53 GMT] INFO Creating 1 worker process.
[Sun, 30 Jun 2013 14:49:53 GMT] INFO Code changed, killing 31935, cycling ...
[Sun, 30 Jun 2013 14:49:53 GMT] INFO Creating 1 worker process.
[Sun, 30 Jun 2013 14:49:53 GMT] INFO Server worker running in development on port 8888 with a PID of: 31936
[Sun, 30 Jun 2013 14:50:15 GMT] INFO Code changed, killing 31936, cycling ...
[Sun, 30 Jun 2013 14:50:15 GMT] INFO Creating 1 worker process.
[Sun, 30 Jun 2013 14:50:15 GMT] INFO Code changed, killing 31942, cycling ...
[Sun, 30 Jun 2013 14:50:15 GMT] INFO Creating 1 worker process.
[Sun, 30 Jun 2013 14:50:16 GMT] INFO Server worker running in development on port 8888 with a PID of: 31943
[Sun, 30 Jun 2013 14:50:27 GMT] INFO Code changed, killing 31943, cycling ...
[Sun, 30 Jun 2013 14:50:27 GMT] INFO Creating 1 worker process.
[Sun, 30 Jun 2013 14:50:27 GMT] INFO Code changed, killing 31945, cycling ...
[Sun, 30 Jun 2013 14:50:27 GMT] INFO Creating 1 worker process.
[Sun, 30 Jun 2013 14:50:28 GMT] INFO Server worker running in development on port 8888 with a PID of: 31947
[Sun, 30 Jun 2013 14:51:14 GMT] INFO Code changed, killing 31947, cycling ...
[Sun, 30 Jun 2013 14:51:14 GMT] INFO Creating 1 worker process.
[Sun, 30 Jun 2013 14:51:14 GMT] INFO Code changed, killing 31953, cycling ...
[Sun, 30 Jun 2013 14:51:14 GMT] INFO Creating 1 worker process.
[Sun, 30 Jun 2013 14:51:14 GMT] INFO Server worker running in development on port 8888 with a PID of: 31955
[Sun, 30 Jun 2013 14:51:34 GMT] INFO Code changed, killing 31955, cycling ...
[Sun, 30 Jun 2013 14:51:34 GMT] INFO Creating 1 worker process.
[Sun, 30 Jun 2013 14:51:34 GMT] INFO Code changed, killing 31957, cycling ...
[Sun, 30 Jun 2013 14:51:34 GMT] INFO Creating 1 worker process.
[Sun, 30 Jun 2013 14:51:34 GMT] INFO Server worker running in development on port 8888 with a PID of: 31958
[Sun, 30 Jun 2013 14:51:57 GMT] INFO Code changed, killing 31958, cycling ...
[Sun, 30 Jun 2013 14:51:57 GMT] INFO Creating 1 worker process.
[Sun, 30 Jun 2013 14:51:57 GMT] INFO Code changed, killing 31964, cycling ...
[Sun, 30 Jun 2013 14:51:57 GMT] INFO Creating 1 worker process.
[Sun, 30 Jun 2013 14:51:57 GMT] INFO Server worker running in development on port 8888 with a PID of: 31966
[Sun, 30 Jun 2013 14:52:06 GMT] INFO Code changed, killing 31966, cycling ...
[Sun, 30 Jun 2013 14:52:06 GMT] INFO Creating 1 worker process.
[Sun, 30 Jun 2013 14:52:06 GMT] INFO Code changed, killing 31968, cycling ...
[Sun, 30 Jun 2013 14:52:06 GMT] INFO Creating 1 worker process.
[Sun, 30 Jun 2013 14:52:06 GMT] INFO Server worker running in development on port 8888 with a PID of: 31970
[Sun, 30 Jun 2013 14:53:06 GMT] INFO Code changed, killing 31970, cycling ...
[Sun, 30 Jun 2013 14:53:06 GMT] INFO Creating 1 worker process.
[Sun, 30 Jun 2013 14:53:06 GMT] INFO Code changed, killing 31976, cycling ...
[Sun, 30 Jun 2013 14:53:06 GMT] INFO Creating 1 worker process.
[Sun, 30 Jun 2013 14:53:06 GMT] INFO Server worker running in development on port 8888 with a PID of: 31979
