[Sun, 30 Jun 2013 14:53:43 GMT] INFO Server starting with config: {
  "environment": "development",
  "workers": 1,
  "port": "8888",
  "spdy": null,
  "ssl": null,
  "debug": true,
  "rotateWorkers": false,
  "rotationWindow": 7200000,
  "rotationTimeout": 300000,
  "logDir": "/home/user/nodejs/poslaju/log",
  "gracefulShutdownTimeout": 30000,
  "heartbeatInterval": 5000,
  "heartbeatWindow": 20000,
  "staticFilePath": "/home/user/nodejs/poslaju/public",
  "sessions": {
    "store": "memory",
    "key": "sid",
    "expiry": 1209600
  },
  "cookieSessionKey": "sdata",
  "i18n": {
    "defaultLocale": "en-us",
    "loadPaths": [
      "/home/user/nodejs/poslaju/config/locales"
    ]
  },
  "hostname": null,
  "fullHostname": null,
  "connectCompatibility": false,
  "detailedErrors": true,
  "model": {
    "defaultAdapter": "memory"
  }
}
[Sun, 30 Jun 2013 14:53:43 GMT] INFO Creating 1 worker process.
[Sun, 30 Jun 2013 14:53:43 GMT] INFO Server worker running in development on port 8888 with a PID of: 31995
[Sun, 30 Jun 2013 14:53:59 GMT] INFO Code changed, killing 31995, cycling ...
[Sun, 30 Jun 2013 14:53:59 GMT] INFO Creating 1 worker process.
[Sun, 30 Jun 2013 14:53:59 GMT] INFO Code changed, killing 32002, cycling ...
[Sun, 30 Jun 2013 14:53:59 GMT] INFO Creating 1 worker process.
[Sun, 30 Jun 2013 14:53:59 GMT] INFO Server worker running in development on port 8888 with a PID of: 32003
[Sun, 30 Jun 2013 14:55:37 GMT] INFO Code changed, killing 32003, cycling ...
[Sun, 30 Jun 2013 14:55:37 GMT] INFO Creating 1 worker process.
[Sun, 30 Jun 2013 14:55:37 GMT] INFO Code changed, killing 32014, cycling ...
[Sun, 30 Jun 2013 14:55:37 GMT] INFO Creating 1 worker process.
[Sun, 30 Jun 2013 14:55:38 GMT] INFO Server worker running in development on port 8888 with a PID of: 32015
[Sun, 30 Jun 2013 14:57:24 GMT] INFO Code changed, killing 32015, cycling ...
[Sun, 30 Jun 2013 14:57:24 GMT] INFO Creating 1 worker process.
[Sun, 30 Jun 2013 14:57:24 GMT] INFO Code changed, killing 32021, cycling ...
[Sun, 30 Jun 2013 14:57:24 GMT] INFO Creating 1 worker process.
[Sun, 30 Jun 2013 14:57:24 GMT] INFO Server worker running in development on port 8888 with a PID of: 32023
[Sun, 30 Jun 2013 14:57:25 GMT] INFO Code changed, killing 32023, cycling ...
[Sun, 30 Jun 2013 14:57:25 GMT] INFO Creating 1 worker process.
[Sun, 30 Jun 2013 14:57:25 GMT] INFO Code changed, killing 32026, cycling ...
[Sun, 30 Jun 2013 14:57:25 GMT] INFO Creating 1 worker process.
[Sun, 30 Jun 2013 14:57:25 GMT] INFO Server worker running in development on port 8888 with a PID of: 32027
[Sun, 30 Jun 2013 14:58:28 GMT] INFO Code changed, killing 32027, cycling ...
[Sun, 30 Jun 2013 14:58:28 GMT] INFO Creating 1 worker process.
[Sun, 30 Jun 2013 14:58:28 GMT] INFO Code changed, killing 32040, cycling ...
[Sun, 30 Jun 2013 14:58:28 GMT] INFO Creating 1 worker process.
[Sun, 30 Jun 2013 14:58:28 GMT] INFO Server worker running in development on port 8888 with a PID of: 32042
[Sun, 30 Jun 2013 15:00:41 GMT] INFO Code changed, killing 32042, cycling ...
[Sun, 30 Jun 2013 15:00:41 GMT] INFO Creating 1 worker process.
[Sun, 30 Jun 2013 15:00:41 GMT] INFO Code changed, killing 32054, cycling ...
[Sun, 30 Jun 2013 15:00:41 GMT] INFO Creating 1 worker process.
[Sun, 30 Jun 2013 15:00:42 GMT] INFO Server worker running in development on port 8888 with a PID of: 32055
[Sun, 30 Jun 2013 15:01:16 GMT] INFO Code changed, killing 32055, cycling ...
[Sun, 30 Jun 2013 15:01:16 GMT] INFO Creating 1 worker process.
[Sun, 30 Jun 2013 15:01:16 GMT] INFO Code changed, killing 32057, cycling ...
[Sun, 30 Jun 2013 15:01:16 GMT] INFO Creating 1 worker process.
[Sun, 30 Jun 2013 15:01:16 GMT] INFO Server worker running in development on port 8888 with a PID of: 32058
[Sun, 30 Jun 2013 15:01:21 GMT] INFO Code changed, killing 32058, cycling ...
[Sun, 30 Jun 2013 15:01:21 GMT] INFO Creating 1 worker process.
[Sun, 30 Jun 2013 15:01:21 GMT] INFO Code changed, killing 32060, cycling ...
[Sun, 30 Jun 2013 15:01:21 GMT] INFO Creating 1 worker process.
[Sun, 30 Jun 2013 15:01:22 GMT] INFO Server worker running in development on port 8888 with a PID of: 32061
[Sun, 30 Jun 2013 15:01:52 GMT] INFO Code changed, killing 32061, cycling ...
[Sun, 30 Jun 2013 15:01:52 GMT] INFO Creating 1 worker process.
[Sun, 30 Jun 2013 15:01:52 GMT] INFO Code changed, killing 32067, cycling ...
[Sun, 30 Jun 2013 15:01:52 GMT] INFO Creating 1 worker process.
[Sun, 30 Jun 2013 15:01:52 GMT] INFO Server worker running in development on port 8888 with a PID of: 32069
[Sun, 30 Jun 2013 15:05:25 GMT] INFO Code changed, killing 32069, cycling ...
[Sun, 30 Jun 2013 15:05:25 GMT] INFO Creating 1 worker process.
[Sun, 30 Jun 2013 15:05:25 GMT] INFO Code changed, killing 32245, cycling ...
[Sun, 30 Jun 2013 15:05:25 GMT] INFO Creating 1 worker process.
[Sun, 30 Jun 2013 15:05:25 GMT] INFO Server worker running in development on port 8888 with a PID of: 32246
[Sun, 30 Jun 2013 15:06:32 GMT] INFO Code changed, killing 32246, cycling ...
[Sun, 30 Jun 2013 15:06:32 GMT] INFO Creating 1 worker process.
[Sun, 30 Jun 2013 15:06:32 GMT] INFO Code changed, killing 32253, cycling ...
[Sun, 30 Jun 2013 15:06:32 GMT] INFO Creating 1 worker process.
[Sun, 30 Jun 2013 15:06:32 GMT] INFO Server worker running in development on port 8888 with a PID of: 32254
[Sun, 30 Jun 2013 15:06:42 GMT] INFO Code changed, killing 32254, cycling ...
[Sun, 30 Jun 2013 15:06:42 GMT] INFO Creating 1 worker process.
[Sun, 30 Jun 2013 15:06:42 GMT] INFO Code changed, killing 32256, cycling ...
[Sun, 30 Jun 2013 15:06:42 GMT] INFO Creating 1 worker process.
[Sun, 30 Jun 2013 15:06:42 GMT] INFO Server worker running in development on port 8888 with a PID of: 32257
[Sun, 30 Jun 2013 15:07:34 GMT] INFO Creating 1 worker process.
[Sun, 30 Jun 2013 15:07:34 GMT] INFO Code changed, killing 32259, cycling ...
[Sun, 30 Jun 2013 15:07:34 GMT] INFO Creating 1 worker process.
[Sun, 30 Jun 2013 15:07:34 GMT] INFO Server worker running in development on port 8888 with a PID of: 32260
[Sun, 30 Jun 2013 15:08:07 GMT] INFO Code changed, killing 32260, cycling ...
[Sun, 30 Jun 2013 15:08:07 GMT] INFO Creating 1 worker process.
[Sun, 30 Jun 2013 15:08:07 GMT] INFO Code changed, killing 32268, cycling ...
[Sun, 30 Jun 2013 15:08:07 GMT] INFO Creating 1 worker process.
[Sun, 30 Jun 2013 15:08:07 GMT] INFO Server worker running in development on port 8888 with a PID of: 32270
[Sun, 30 Jun 2013 15:08:13 GMT] INFO Code changed, killing 32270, cycling ...
[Sun, 30 Jun 2013 15:08:13 GMT] INFO Creating 1 worker process.
[Sun, 30 Jun 2013 15:08:13 GMT] INFO Code changed, killing 32276, cycling ...
[Sun, 30 Jun 2013 15:08:13 GMT] INFO Creating 1 worker process.
[Sun, 30 Jun 2013 15:08:13 GMT] INFO Server worker running in development on port 8888 with a PID of: 32277
[Sun, 30 Jun 2013 15:08:35 GMT] INFO Code changed, killing 32277, cycling ...
[Sun, 30 Jun 2013 15:08:35 GMT] INFO Creating 1 worker process.
[Sun, 30 Jun 2013 15:08:35 GMT] INFO Code changed, killing 32279, cycling ...
[Sun, 30 Jun 2013 15:08:35 GMT] INFO Creating 1 worker process.
[Sun, 30 Jun 2013 15:08:35 GMT] INFO Server worker running in development on port 8888 with a PID of: 32281
[Sun, 30 Jun 2013 15:08:58 GMT] INFO Code changed, killing 32281, cycling ...
[Sun, 30 Jun 2013 15:08:58 GMT] INFO Creating 1 worker process.
[Sun, 30 Jun 2013 15:08:58 GMT] INFO Code changed, killing 32287, cycling ...
[Sun, 30 Jun 2013 15:08:58 GMT] INFO Creating 1 worker process.
[Sun, 30 Jun 2013 15:08:59 GMT] INFO Server worker running in development on port 8888 with a PID of: 32288
[Sun, 30 Jun 2013 15:10:45 GMT] INFO Code changed, killing 32288, cycling ...
[Sun, 30 Jun 2013 15:10:45 GMT] INFO Creating 1 worker process.
[Sun, 30 Jun 2013 15:10:45 GMT] INFO Code changed, killing 32304, cycling ...
[Sun, 30 Jun 2013 15:10:45 GMT] INFO Creating 1 worker process.
[Sun, 30 Jun 2013 15:10:46 GMT] INFO Server worker running in development on port 8888 with a PID of: 32305
[Sun, 30 Jun 2013 15:11:26 GMT] INFO Code changed, killing 32305, cycling ...
[Sun, 30 Jun 2013 15:11:26 GMT] INFO Creating 1 worker process.
[Sun, 30 Jun 2013 15:11:26 GMT] INFO Code changed, killing 32308, cycling ...
[Sun, 30 Jun 2013 15:11:26 GMT] INFO Creating 1 worker process.
[Sun, 30 Jun 2013 15:11:26 GMT] INFO Server worker running in development on port 8888 with a PID of: 32310
[Sun, 30 Jun 2013 15:11:34 GMT] INFO Code changed, killing 32310, cycling ...
[Sun, 30 Jun 2013 15:11:34 GMT] INFO Creating 1 worker process.
[Sun, 30 Jun 2013 15:11:34 GMT] INFO Code changed, killing 32312, cycling ...
[Sun, 30 Jun 2013 15:11:34 GMT] INFO Creating 1 worker process.
[Sun, 30 Jun 2013 15:11:34 GMT] INFO Server worker running in development on port 8888 with a PID of: 32313
[Sun, 30 Jun 2013 15:11:51 GMT] INFO Code changed, killing 32313, cycling ...
[Sun, 30 Jun 2013 15:11:51 GMT] INFO Creating 1 worker process.
[Sun, 30 Jun 2013 15:11:51 GMT] INFO Code changed, killing 32315, cycling ...
[Sun, 30 Jun 2013 15:11:51 GMT] INFO Creating 1 worker process.
[Sun, 30 Jun 2013 15:11:51 GMT] INFO Server worker running in development on port 8888 with a PID of: 32317
[Sun, 30 Jun 2013 15:11:55 GMT] INFO Code changed, killing 32317, cycling ...
[Sun, 30 Jun 2013 15:11:55 GMT] INFO Creating 1 worker process.
[Sun, 30 Jun 2013 15:11:55 GMT] INFO Code changed, killing 32319, cycling ...
[Sun, 30 Jun 2013 15:11:55 GMT] INFO Creating 1 worker process.
[Sun, 30 Jun 2013 15:11:55 GMT] INFO Server worker running in development on port 8888 with a PID of: 32321
[Sun, 30 Jun 2013 15:12:02 GMT] INFO Code changed, killing 32321, cycling ...
[Sun, 30 Jun 2013 15:12:02 GMT] INFO Creating 1 worker process.
[Sun, 30 Jun 2013 15:12:02 GMT] INFO Code changed, killing 32323, cycling ...
[Sun, 30 Jun 2013 15:12:02 GMT] INFO Creating 1 worker process.
[Sun, 30 Jun 2013 15:12:02 GMT] INFO Server worker running in development on port 8888 with a PID of: 32324
[Sun, 30 Jun 2013 15:12:07 GMT] INFO Code changed, killing 32324, cycling ...
[Sun, 30 Jun 2013 15:12:07 GMT] INFO Creating 1 worker process.
[Sun, 30 Jun 2013 15:12:07 GMT] INFO Code changed, killing 32326, cycling ...
[Sun, 30 Jun 2013 15:12:07 GMT] INFO Creating 1 worker process.
[Sun, 30 Jun 2013 15:12:08 GMT] INFO Server worker running in development on port 8888 with a PID of: 32328
[Sun, 30 Jun 2013 15:12:12 GMT] INFO Code changed, killing 32328, cycling ...
[Sun, 30 Jun 2013 15:12:12 GMT] INFO Creating 1 worker process.
[Sun, 30 Jun 2013 15:12:12 GMT] INFO Code changed, killing 32330, cycling ...
[Sun, 30 Jun 2013 15:12:12 GMT] INFO Creating 1 worker process.
[Sun, 30 Jun 2013 15:12:12 GMT] INFO Server worker running in development on port 8888 with a PID of: 32331
[Sun, 30 Jun 2013 15:12:28 GMT] INFO Code changed, killing 32331, cycling ...
[Sun, 30 Jun 2013 15:12:28 GMT] INFO Creating 1 worker process.
[Sun, 30 Jun 2013 15:12:28 GMT] INFO Code changed, killing 32333, cycling ...
[Sun, 30 Jun 2013 15:12:28 GMT] INFO Creating 1 worker process.
[Sun, 30 Jun 2013 15:12:28 GMT] INFO Server worker running in development on port 8888 with a PID of: 32334
[Sun, 30 Jun 2013 15:13:00 GMT] INFO Code changed, killing 32334, cycling ...
[Sun, 30 Jun 2013 15:13:00 GMT] INFO Creating 1 worker process.
[Sun, 30 Jun 2013 15:13:00 GMT] INFO Code changed, killing 32340, cycling ...
[Sun, 30 Jun 2013 15:13:00 GMT] INFO Creating 1 worker process.
[Sun, 30 Jun 2013 15:13:01 GMT] INFO Server worker running in development on port 8888 with a PID of: 32341
[Sun, 30 Jun 2013 15:13:09 GMT] INFO Code changed, killing 32341, cycling ...
[Sun, 30 Jun 2013 15:13:09 GMT] INFO Creating 1 worker process.
[Sun, 30 Jun 2013 15:13:09 GMT] INFO Code changed, killing 32343, cycling ...
[Sun, 30 Jun 2013 15:13:09 GMT] INFO Creating 1 worker process.
[Sun, 30 Jun 2013 15:13:09 GMT] INFO Server worker running in development on port 8888 with a PID of: 32344
[Sun, 30 Jun 2013 15:18:22 GMT] INFO Code changed, killing 32344, cycling ...
[Sun, 30 Jun 2013 15:18:22 GMT] INFO Creating 1 worker process.
[Sun, 30 Jun 2013 15:18:22 GMT] INFO Code changed, killing 32460, cycling ...
[Sun, 30 Jun 2013 15:18:22 GMT] INFO Creating 1 worker process.
[Sun, 30 Jun 2013 15:18:23 GMT] INFO Server worker running in development on port 8888 with a PID of: 32462
[Sun, 30 Jun 2013 15:18:36 GMT] INFO Code changed, killing 32462, cycling ...
[Sun, 30 Jun 2013 15:18:36 GMT] INFO Creating 1 worker process.
[Sun, 30 Jun 2013 15:18:36 GMT] INFO Code changed, killing 32468, cycling ...
[Sun, 30 Jun 2013 15:18:36 GMT] INFO Creating 1 worker process.
[Sun, 30 Jun 2013 15:18:36 GMT] INFO Server worker running in development on port 8888 with a PID of: 32470
[Sun, 30 Jun 2013 15:18:38 GMT] INFO Code changed, killing 32470, cycling ...
[Sun, 30 Jun 2013 15:18:38 GMT] INFO Creating 1 worker process.
[Sun, 30 Jun 2013 15:18:38 GMT] INFO Code changed, killing 32472, cycling ...
[Sun, 30 Jun 2013 15:18:38 GMT] INFO Creating 1 worker process.
[Sun, 30 Jun 2013 15:18:39 GMT] INFO Server worker running in development on port 8888 with a PID of: 32473
[Sun, 30 Jun 2013 15:27:28 GMT] INFO Code changed, killing 32473, cycling ...
[Sun, 30 Jun 2013 15:27:28 GMT] INFO Creating 1 worker process.
[Sun, 30 Jun 2013 15:27:28 GMT] INFO Code changed, killing 32592, cycling ...
[Sun, 30 Jun 2013 15:27:28 GMT] INFO Creating 1 worker process.
[Sun, 30 Jun 2013 15:27:29 GMT] INFO Server worker running in development on port 8888 with a PID of: 32593
[Sun, 30 Jun 2013 15:27:40 GMT] INFO Code changed, killing 32593, cycling ...
[Sun, 30 Jun 2013 15:27:40 GMT] INFO Creating 1 worker process.
[Sun, 30 Jun 2013 15:27:40 GMT] INFO Code changed, killing 32597, cycling ...
[Sun, 30 Jun 2013 15:27:40 GMT] INFO Creating 1 worker process.
[Sun, 30 Jun 2013 15:27:41 GMT] INFO Server worker running in development on port 8888 with a PID of: 32598
[Sun, 30 Jun 2013 15:28:07 GMT] INFO Code changed, killing 32598, cycling ...
[Sun, 30 Jun 2013 15:28:07 GMT] INFO Creating 1 worker process.
[Sun, 30 Jun 2013 15:28:07 GMT] INFO Code changed, killing 32611, cycling ...
[Sun, 30 Jun 2013 15:28:07 GMT] INFO Creating 1 worker process.
[Sun, 30 Jun 2013 15:28:07 GMT] INFO Server worker running in development on port 8888 with a PID of: 32612
[Sun, 30 Jun 2013 15:28:09 GMT] INFO Code changed, killing 32612, cycling ...
[Sun, 30 Jun 2013 15:28:09 GMT] INFO Creating 1 worker process.
[Sun, 30 Jun 2013 15:28:09 GMT] INFO Code changed, killing 32617, cycling ...
[Sun, 30 Jun 2013 15:28:09 GMT] INFO Creating 1 worker process.
[Sun, 30 Jun 2013 15:28:09 GMT] INFO Server worker running in development on port 8888 with a PID of: 32618
